101219 17:13:51 [Note] Plugin 'FEDERATED' is disabled.
101219 17:13:51  InnoDB: Started; log sequence number 0 44233
101219 17:13:51 [Note] Event Scheduler: Loaded 0 events
101219 17:13:51 [Note] /usr/sbin/mysqld: ready for connections.
Version: '5.1.41-3ubuntu12.8'  socket: '/var/run/mysqld/mysqld.sock'  port: 3306  (Ubuntu)
101219 17:13:52 [Note] /usr/sbin/mysqld: Normal shutdown

101219 17:13:52 [Note] Event Scheduler: Purging the queue. 0 events
101219 17:13:54  InnoDB: Starting shutdown...
101219 17:13:55  InnoDB: Shutdown completed; log sequence number 0 44233
101219 17:13:55 [Note] /usr/sbin/mysqld: Shutdown complete

101219 17:13:58 [Note] Plugin 'FEDERATED' is disabled.
101219 17:13:58  InnoDB: Started; log sequence number 0 44233
101219 17:13:58 [Note] Event Scheduler: Loaded 0 events
101219 17:13:58 [Note] /usr/sbin/mysqld: ready for connections.
Version: '5.1.41-3ubuntu12.8'  socket: '/var/run/mysqld/mysqld.sock'  port: 3306  (Ubuntu)
101219 17:13:59 [Note] /usr/sbin/mysqld: Normal shutdown

101219 17:13:59 [Note] Event Scheduler: Purging the queue. 0 events
101219 17:14:01  InnoDB: Starting shutdown...
101219 17:14:02  InnoDB: Shutdown completed; log sequence number 0 44233
101219 17:14:02 [Note] /usr/sbin/mysqld: Shutdown complete

101219 17:14:06 [Note] Plugin 'FEDERATED' is disabled.
101219 17:14:06  InnoDB: Started; log sequence number 0 44233
101219 17:14:06 [Note] Event Scheduler: Loaded 0 events
101219 17:14:06 [Note] /usr/sbin/mysqld: ready for connections.
Version: '5.1.41-3ubuntu12.8'  socket: '/var/run/mysqld/mysqld.sock'  port: 3306  (Ubuntu)
101219 17:14:32 [Note] /usr/sbin/mysqld: Normal shutdown

101219 17:14:32 [Note] Event Scheduler: Purging the queue. 0 events
101219 17:14:32  InnoDB: Starting shutdown...
101219 17:14:33  InnoDB: Shutdown completed; log sequence number 0 8011830
101219 17:14:33 [Note] /usr/sbin/mysqld: Shutdown complete

120912 19:24:37 [Note] Plugin 'FEDERATED' is disabled.
120912 19:24:38  InnoDB: Started; log sequence number 0 8011830
120912 19:24:38 [Note] Event Scheduler: Loaded 0 events
120912 19:24:38 [Note] /usr/sbin/mysqld: ready for connections.
Version: '5.1.41-3ubuntu12.8'  socket: '/var/run/mysqld/mysqld.sock'  port: 3306  (Ubuntu)
120913 21:03:54 [Note] /usr/sbin/mysqld: Normal shutdown

120913 21:03:54 [Note] Event Scheduler: Purging the queue. 0 events
120913 21:03:54  InnoDB: Starting shutdown...
120913 21:03:56  InnoDB: Shutdown completed; log sequence number 0 8154599
120913 21:03:56 [Note] /usr/sbin/mysqld: Shutdown complete

120913 21:05:41 [Note] Plugin 'FEDERATED' is disabled.
120913 21:05:41  InnoDB: Initializing buffer pool, size = 8.0M
120913 21:05:41  InnoDB: Completed initialization of buffer pool
120913 21:05:41  InnoDB: Started; log sequence number 0 8154599
120913 21:05:41  InnoDB: Starting shutdown...
120913 21:05:46  InnoDB: Shutdown completed; log sequence number 0 8154599
120913 21:05:46 [Note] Plugin 'FEDERATED' is disabled.
120913 21:05:46  InnoDB: Initializing buffer pool, size = 8.0M
120913 21:05:46  InnoDB: Completed initialization of buffer pool
120913 21:05:46  InnoDB: Started; log sequence number 0 8154599
ERROR: 1064  You have an error in your SQL syntax; check the manual that corresponds to your MySQL server version for the right syntax to use near 'ALTER TABLE user ADD column Show_view_priv enum('N','Y') CHARACTER SET utf8 NOT ' at line 1
120913 21:05:46 [ERROR] Aborting

120913 21:05:46  InnoDB: Starting shutdown...
120913 21:05:52  InnoDB: Shutdown completed; log sequence number 0 8154599
120913 21:05:52 [Note] /usr/sbin/mysqld: Shutdown complete

120913 21:05:52 [Note] Plugin 'FEDERATED' is disabled.
120913 21:05:52  InnoDB: Initializing buffer pool, size = 8.0M
120913 21:05:52  InnoDB: Completed initialization of buffer pool
120913 21:05:52  InnoDB: Started; log sequence number 0 8154599
120913 21:05:52  InnoDB: Starting shutdown...
120913 21:05:57  InnoDB: Shutdown completed; log sequence number 0 8154599
120913 21:05:57 [Note] Plugin 'FEDERATED' is disabled.
120913 21:05:57  InnoDB: Initializing buffer pool, size = 8.0M
120913 21:05:57  InnoDB: Completed initialization of buffer pool
120913 21:05:57  InnoDB: Started; log sequence number 0 8154599
ERROR: 1050  Table 'plugin' already exists
120913 21:05:57 [ERROR] Aborting

120913 21:05:57  InnoDB: Starting shutdown...
120913 21:06:02  InnoDB: Shutdown completed; log sequence number 0 8154599
120913 21:06:02 [Note] /usr/sbin/mysqld: Shutdown complete

120913 21:06:03 [Note] Plugin 'FEDERATED' is disabled.
120913 21:06:03  InnoDB: Initializing buffer pool, size = 8.0M
120913 21:06:03  InnoDB: Completed initialization of buffer pool
120913 21:06:03  InnoDB: Started; log sequence number 0 8154599
120913 21:06:03 [Note] Event Scheduler: Loaded 0 events
120913 21:06:03 [Note] /usr/sbin/mysqld: ready for connections.
Version: '5.1.63-0ubuntu0.10.04.1'  socket: '/var/run/mysqld/mysqld.sock'  port: 3306  (Ubuntu)
121025 15:49:35 [Note] Plugin 'FEDERATED' is disabled.
121025 15:49:35  InnoDB: Initializing buffer pool, size = 8.0M
121025 15:49:35  InnoDB: Completed initialization of buffer pool
InnoDB: The log sequence number in ibdata files does not match
InnoDB: the log sequence number in the ib_logfiles!
121025 15:49:35  InnoDB: Database was not shut down normally!
InnoDB: Starting crash recovery.
InnoDB: Reading tablespace information from the .ibd files...
InnoDB: Restoring possible half-written data pages from the doublewrite
InnoDB: buffer...
121025 15:49:35  InnoDB: Started; log sequence number 0 10384979
121025 15:49:35 [Note] Event Scheduler: Loaded 0 events
121025 15:49:35 [Note] /usr/sbin/mysqld: ready for connections.
Version: '5.1.63-0ubuntu0.10.04.1'  socket: '/var/run/mysqld/mysqld.sock'  port: 3306  (Ubuntu)
121026 16:16:07 [Note] /usr/sbin/mysqld: Normal shutdown

121026 16:16:07 [Note] Event Scheduler: Purging the queue. 0 events
121026 16:16:07  InnoDB: Starting shutdown...
121026 16:16:08  InnoDB: Shutdown completed; log sequence number 0 10467250
121026 16:16:08 [Note] /usr/sbin/mysqld: Shutdown complete

121028  2:32:33 [Note] Plugin 'FEDERATED' is disabled.
121028  2:32:34  InnoDB: Initializing buffer pool, size = 8.0M
121028  2:32:34  InnoDB: Completed initialization of buffer pool
121028  2:32:38  InnoDB: Started; log sequence number 0 10467250
121028  2:32:38 [Note] Event Scheduler: Loaded 0 events
121028  2:32:38 [Note] /usr/sbin/mysqld: ready for connections.
Version: '5.1.63-0ubuntu0.10.04.1'  socket: '/var/run/mysqld/mysqld.sock'  port: 3306  (Ubuntu)
121030 20:07:17 [Note] Plugin 'FEDERATED' is disabled.
121030 20:07:18  InnoDB: Initializing buffer pool, size = 8.0M
121030 20:07:18  InnoDB: Completed initialization of buffer pool
121030 20:07:24  InnoDB: Started; log sequence number 0 10467250
121030 20:07:27 [Note] Event Scheduler: Loaded 0 events
121030 20:07:27 [Note] /usr/sbin/mysqld: ready for connections.
Version: '5.1.63-0ubuntu0.10.04.1'  socket: '/var/run/mysqld/mysqld.sock'  port: 3306  (Ubuntu)
121030 22:17:36 [Note] Plugin 'FEDERATED' is disabled.
121030 22:17:37  InnoDB: Initializing buffer pool, size = 8.0M
121030 22:17:37  InnoDB: Completed initialization of buffer pool
121030 22:17:40  InnoDB: Started; log sequence number 0 10467250
121030 22:17:43 [Note] Event Scheduler: Loaded 0 events
121030 22:17:43 [Note] /usr/sbin/mysqld: ready for connections.
Version: '5.1.63-0ubuntu0.10.04.1'  socket: '/var/run/mysqld/mysqld.sock'  port: 3306  (Ubuntu)
121031 14:57:45 [Note] Plugin 'FEDERATED' is disabled.
121031 14:57:45  InnoDB: Initializing buffer pool, size = 8.0M
121031 14:57:45  InnoDB: Completed initialization of buffer pool
InnoDB: The log sequence number in ibdata files does not match
InnoDB: the log sequence number in the ib_logfiles!
121031 14:57:45  InnoDB: Database was not shut down normally!
InnoDB: Starting crash recovery.
InnoDB: Reading tablespace information from the .ibd files...
InnoDB: Restoring possible half-written data pages from the doublewrite
InnoDB: buffer...
121031 14:57:48  InnoDB: Started; log sequence number 0 10497926
121031 14:57:49 [Note] Event Scheduler: Loaded 0 events
121031 14:57:49 [Note] /usr/sbin/mysqld: ready for connections.
Version: '5.1.63-0ubuntu0.10.04.1'  socket: '/var/run/mysqld/mysqld.sock'  port: 3306  (Ubuntu)
121102 16:32:18 [Note] Plugin 'FEDERATED' is disabled.
121102 16:32:18  InnoDB: Initializing buffer pool, size = 8.0M
121102 16:32:19  InnoDB: Completed initialization of buffer pool
InnoDB: The log sequence number in ibdata files does not match
InnoDB: the log sequence number in the ib_logfiles!
121102 16:32:19  InnoDB: Database was not shut down normally!
InnoDB: Starting crash recovery.
InnoDB: Reading tablespace information from the .ibd files...
InnoDB: Restoring possible half-written data pages from the doublewrite
InnoDB: buffer...
121102 16:32:21  InnoDB: Started; log sequence number 0 10529550
121102 16:32:22 [Note] Event Scheduler: Loaded 0 events
121102 16:32:22 [Note] /usr/sbin/mysqld: ready for connections.
Version: '5.1.63-0ubuntu0.10.04.1'  socket: '/var/run/mysqld/mysqld.sock'  port: 3306  (Ubuntu)
121102 18:35:33 [Note] Plugin 'FEDERATED' is disabled.
121102 18:35:34  InnoDB: Initializing buffer pool, size = 8.0M
121102 18:35:34  InnoDB: Completed initialization of buffer pool
InnoDB: The log sequence number in ibdata files does not match
InnoDB: the log sequence number in the ib_logfiles!
121102 18:35:34  InnoDB: Database was not shut down normally!
InnoDB: Starting crash recovery.
InnoDB: Reading tablespace information from the .ibd files...
InnoDB: Restoring possible half-written data pages from the doublewrite
InnoDB: buffer...
121102 18:35:39  InnoDB: Started; log sequence number 0 10542806
121102 18:35:40 [Note] Event Scheduler: Loaded 0 events
121102 18:35:40 [Note] /usr/sbin/mysqld: ready for connections.
Version: '5.1.63-0ubuntu0.10.04.1'  socket: '/var/run/mysqld/mysqld.sock'  port: 3306  (Ubuntu)
121105 16:13:54 [Note] Plugin 'FEDERATED' is disabled.
121105 16:13:54  InnoDB: Initializing buffer pool, size = 8.0M
121105 16:13:54  InnoDB: Completed initialization of buffer pool
InnoDB: The log sequence number in ibdata files does not match
InnoDB: the log sequence number in the ib_logfiles!
121105 16:13:54  InnoDB: Database was not shut down normally!
InnoDB: Starting crash recovery.
InnoDB: Reading tablespace information from the .ibd files...
InnoDB: Restoring possible half-written data pages from the doublewrite
InnoDB: buffer...
121105 16:13:55  InnoDB: Started; log sequence number 0 10579284
121105 16:13:55 [Note] Event Scheduler: Loaded 0 events
121105 16:13:55 [Note] /usr/sbin/mysqld: ready for connections.
Version: '5.1.63-0ubuntu0.10.04.1'  socket: '/var/run/mysqld/mysqld.sock'  port: 3306  (Ubuntu)
121105 16:24:21 [Note] Plugin 'FEDERATED' is disabled.
121105 16:24:22  InnoDB: Initializing buffer pool, size = 8.0M
121105 16:24:22  InnoDB: Completed initialization of buffer pool
InnoDB: The log sequence number in ibdata files does not match
InnoDB: the log sequence number in the ib_logfiles!
121105 16:24:22  InnoDB: Database was not shut down normally!
InnoDB: Starting crash recovery.
InnoDB: Reading tablespace information from the .ibd files...
InnoDB: Restoring possible half-written data pages from the doublewrite
InnoDB: buffer...
121105 16:24:26  InnoDB: Started; log sequence number 0 10581859
121105 16:24:27 [Note] Event Scheduler: Loaded 0 events
121105 16:24:27 [Note] /usr/sbin/mysqld: ready for connections.
Version: '5.1.63-0ubuntu0.10.04.1'  socket: '/var/run/mysqld/mysqld.sock'  port: 3306  (Ubuntu)
121107 18:41:51 [Note] Plugin 'FEDERATED' is disabled.
121107 18:41:52  InnoDB: Initializing buffer pool, size = 8.0M
121107 18:41:52  InnoDB: Completed initialization of buffer pool
InnoDB: The log sequence number in ibdata files does not match
InnoDB: the log sequence number in the ib_logfiles!
121107 18:41:52  InnoDB: Database was not shut down normally!
InnoDB: Starting crash recovery.
InnoDB: Reading tablespace information from the .ibd files...
InnoDB: Restoring possible half-written data pages from the doublewrite
InnoDB: buffer...
121107 18:42:02  InnoDB: Started; log sequence number 0 10581898
121107 18:42:04 [Note] Event Scheduler: Loaded 0 events
121107 18:42:04 [Note] /usr/sbin/mysqld: ready for connections.
Version: '5.1.63-0ubuntu0.10.04.1'  socket: '/var/run/mysqld/mysqld.sock'  port: 3306  (Ubuntu)
121108 16:35:41 [Note] Plugin 'FEDERATED' is disabled.
121108 16:35:42  InnoDB: Initializing buffer pool, size = 8.0M
121108 16:35:42  InnoDB: Completed initialization of buffer pool
InnoDB: The log sequence number in ibdata files does not match
InnoDB: the log sequence number in the ib_logfiles!
121108 16:35:42  InnoDB: Database was not shut down normally!
InnoDB: Starting crash recovery.
InnoDB: Reading tablespace information from the .ibd files...
InnoDB: Restoring possible half-written data pages from the doublewrite
InnoDB: buffer...
121108 16:35:48  InnoDB: Started; log sequence number 0 10609169
121108 16:35:51 [Note] Event Scheduler: Loaded 0 events
121108 16:35:51 [Note] /usr/sbin/mysqld: ready for connections.
Version: '5.1.63-0ubuntu0.10.04.1'  socket: '/var/run/mysqld/mysqld.sock'  port: 3306  (Ubuntu)
121114 22:57:23 [Note] Plugin 'FEDERATED' is disabled.
121114 22:57:25  InnoDB: Initializing buffer pool, size = 8.0M
121114 22:57:25  InnoDB: Completed initialization of buffer pool
InnoDB: The log sequence number in ibdata files does not match
InnoDB: the log sequence number in the ib_logfiles!
121114 22:57:25  InnoDB: Database was not shut down normally!
InnoDB: Starting crash recovery.
InnoDB: Reading tablespace information from the .ibd files...
InnoDB: Restoring possible half-written data pages from the doublewrite
InnoDB: buffer...
121114 22:57:27  InnoDB: Started; log sequence number 0 10772885
121114 22:57:28 [Note] Event Scheduler: Loaded 0 events
121114 22:57:28 [Note] /usr/sbin/mysqld: ready for connections.
Version: '5.1.63-0ubuntu0.10.04.1'  socket: '/var/run/mysqld/mysqld.sock'  port: 3306  (Ubuntu)
121126 14:38:20 [Note] Plugin 'FEDERATED' is disabled.
121126 14:38:20  InnoDB: Initializing buffer pool, size = 8.0M
121126 14:38:20  InnoDB: Completed initialization of buffer pool
InnoDB: The log sequence number in ibdata files does not match
InnoDB: the log sequence number in the ib_logfiles!
121126 14:38:20  InnoDB: Database was not shut down normally!
InnoDB: Starting crash recovery.
InnoDB: Reading tablespace information from the .ibd files...
InnoDB: Restoring possible half-written data pages from the doublewrite
InnoDB: buffer...
121126 14:38:21  InnoDB: Started; log sequence number 0 10800960
121126 14:38:21 [Note] Event Scheduler: Loaded 0 events
121126 14:38:21 [Note] /usr/sbin/mysqld: ready for connections.
Version: '5.1.63-0ubuntu0.10.04.1'  socket: '/var/run/mysqld/mysqld.sock'  port: 3306  (Ubuntu)
121126 14:39:01 [Note] /usr/sbin/mysqld: Normal shutdown

121126 14:39:01 [Note] Event Scheduler: Purging the queue. 0 events
121126 14:39:01  InnoDB: Starting shutdown...
121126 19:32:58 [Note] Plugin 'FEDERATED' is disabled.
121126 19:32:58  InnoDB: Initializing buffer pool, size = 8.0M
121126 19:32:58  InnoDB: Completed initialization of buffer pool
InnoDB: The log sequence number in ibdata files does not match
InnoDB: the log sequence number in the ib_logfiles!
121126 19:32:58  InnoDB: Database was not shut down normally!
InnoDB: Starting crash recovery.
InnoDB: Reading tablespace information from the .ibd files...
InnoDB: Restoring possible half-written data pages from the doublewrite
InnoDB: buffer...
121126 19:32:58  InnoDB: Started; log sequence number 0 10800999
121126 19:32:58 [Note] Event Scheduler: Loaded 0 events
121126 19:32:58 [Note] /usr/sbin/mysqld: ready for connections.
Version: '5.1.63-0ubuntu0.10.04.1'  socket: '/var/run/mysqld/mysqld.sock'  port: 3306  (Ubuntu)
121126 21:07:48 [Note] Plugin 'FEDERATED' is disabled.
121126 21:07:48  InnoDB: Initializing buffer pool, size = 8.0M
121126 21:07:48  InnoDB: Completed initialization of buffer pool
InnoDB: The log sequence number in ibdata files does not match
InnoDB: the log sequence number in the ib_logfiles!
121126 21:07:48  InnoDB: Database was not shut down normally!
InnoDB: Starting crash recovery.
InnoDB: Reading tablespace information from the .ibd files...
InnoDB: Restoring possible half-written data pages from the doublewrite
InnoDB: buffer...
121126 21:07:49  InnoDB: Started; log sequence number 0 10804856
121126 21:07:49 [Note] Event Scheduler: Loaded 0 events
121126 21:07:49 [Note] /usr/sbin/mysqld: ready for connections.
Version: '5.1.63-0ubuntu0.10.04.1'  socket: '/var/run/mysqld/mysqld.sock'  port: 3306  (Ubuntu)
121127 13:57:14 [Note] Plugin 'FEDERATED' is disabled.
121127 13:57:14  InnoDB: Initializing buffer pool, size = 8.0M
121127 13:57:14  InnoDB: Completed initialization of buffer pool
InnoDB: The log sequence number in ibdata files does not match
InnoDB: the log sequence number in the ib_logfiles!
121127 13:57:14  InnoDB: Database was not shut down normally!
InnoDB: Starting crash recovery.
InnoDB: Reading tablespace information from the .ibd files...
InnoDB: Restoring possible half-written data pages from the doublewrite
InnoDB: buffer...
121127 13:57:14  InnoDB: Started; log sequence number 0 10817458
121127 13:57:15 [Note] Event Scheduler: Loaded 0 events
121127 13:57:15 [Note] /usr/sbin/mysqld: ready for connections.
Version: '5.1.63-0ubuntu0.10.04.1'  socket: '/var/run/mysqld/mysqld.sock'  port: 3306  (Ubuntu)
121129 14:31:16 [Note] /usr/sbin/mysqld: Normal shutdown

121129 14:31:16 [Note] Event Scheduler: Purging the queue. 0 events
121129 14:31:16  InnoDB: Starting shutdown...
121129 14:50:14 [Note] Plugin 'FEDERATED' is disabled.
121129 14:50:14  InnoDB: Initializing buffer pool, size = 8.0M
121129 14:50:14  InnoDB: Completed initialization of buffer pool
InnoDB: The log sequence number in ibdata files does not match
InnoDB: the log sequence number in the ib_logfiles!
121129 14:50:14  InnoDB: Database was not shut down normally!
InnoDB: Starting crash recovery.
InnoDB: Reading tablespace information from the .ibd files...
InnoDB: Restoring possible half-written data pages from the doublewrite
InnoDB: buffer...
121129 14:50:15  InnoDB: Started; log sequence number 0 10953813
121129 14:50:15 [Note] Event Scheduler: Loaded 0 events
121129 14:50:15 [Note] /usr/sbin/mysqld: ready for connections.
Version: '5.1.63-0ubuntu0.10.04.1'  socket: '/var/run/mysqld/mysqld.sock'  port: 3306  (Ubuntu)
121129 15:31:48 [Note] Plugin 'FEDERATED' is disabled.
121129 15:31:48  InnoDB: Initializing buffer pool, size = 8.0M
121129 15:31:48  InnoDB: Completed initialization of buffer pool
InnoDB: The log sequence number in ibdata files does not match
InnoDB: the log sequence number in the ib_logfiles!
121129 15:31:48  InnoDB: Database was not shut down normally!
InnoDB: Starting crash recovery.
InnoDB: Reading tablespace information from the .ibd files...
InnoDB: Restoring possible half-written data pages from the doublewrite
InnoDB: buffer...
121129 15:31:49  InnoDB: Started; log sequence number 0 10965735
121129 15:31:49 [Note] Event Scheduler: Loaded 0 events
121129 15:31:49 [Note] /usr/sbin/mysqld: ready for connections.
Version: '5.1.63-0ubuntu0.10.04.1'  socket: '/var/run/mysqld/mysqld.sock'  port: 3306  (Ubuntu)
121206 18:51:44 [Note] Plugin 'FEDERATED' is disabled.
121206 18:51:44  InnoDB: Initializing buffer pool, size = 8.0M
121206 18:51:44  InnoDB: Completed initialization of buffer pool
InnoDB: The log sequence number in ibdata files does not match
InnoDB: the log sequence number in the ib_logfiles!
121206 18:51:44  InnoDB: Database was not shut down normally!
InnoDB: Starting crash recovery.
InnoDB: Reading tablespace information from the .ibd files...
InnoDB: Restoring possible half-written data pages from the doublewrite
InnoDB: buffer...
121206 18:51:44  InnoDB: Started; log sequence number 0 11336178
121206 18:51:44 [Note] Event Scheduler: Loaded 0 events
121206 18:51:44 [Note] /usr/sbin/mysqld: ready for connections.
Version: '5.1.63-0ubuntu0.10.04.1'  socket: '/var/run/mysqld/mysqld.sock'  port: 3306  (Ubuntu)
121206 21:47:14 [Note] Plugin 'FEDERATED' is disabled.
121206 21:47:15  InnoDB: Initializing buffer pool, size = 8.0M
121206 21:47:15  InnoDB: Completed initialization of buffer pool
InnoDB: The log sequence number in ibdata files does not match
InnoDB: the log sequence number in the ib_logfiles!
121206 21:47:15  InnoDB: Database was not shut down normally!
InnoDB: Starting crash recovery.
InnoDB: Reading tablespace information from the .ibd files...
InnoDB: Restoring possible half-written data pages from the doublewrite
InnoDB: buffer...
121206 21:47:15  InnoDB: Started; log sequence number 0 12262488
121206 21:47:15 [Note] Event Scheduler: Loaded 0 events
121206 21:47:15 [Note] /usr/sbin/mysqld: ready for connections.
Version: '5.1.63-0ubuntu0.10.04.1'  socket: '/var/run/mysqld/mysqld.sock'  port: 3306  (Ubuntu)
121206 21:48:18 [Note] Plugin 'FEDERATED' is disabled.
121206 21:48:18  InnoDB: Initializing buffer pool, size = 8.0M
121206 21:48:18  InnoDB: Completed initialization of buffer pool
InnoDB: Log scan progressed past the checkpoint lsn 0 12262488
121206 21:48:18  InnoDB: Database was not shut down normally!
InnoDB: Starting crash recovery.
InnoDB: Reading tablespace information from the .ibd files...
InnoDB: Restoring possible half-written data pages from the doublewrite
InnoDB: buffer...
InnoDB: Doing recovery: scanned up to log sequence number 0 12263680
121206 21:48:19  InnoDB: Starting an apply batch of log records to the database...
InnoDB: Progress in percents: 14 15 16 17 18 19 20 21 22 23 24 25 26 27 28 29 30 31 32 33 34 35 36 37 38 39 40 41 42 43 44 45 46 47 48 49 50 51 52 53 54 55 56 57 58 59 60 61 62 63 64 65 66 67 68 69 70 71 72 73 74 75 76 77 78 79 80 81 82 83 84 85 86 87 88 89 90 91 92 93 94 95 96 97 98 99 
InnoDB: Apply batch completed
121206 21:48:19  InnoDB: Started; log sequence number 0 12263680
121206 21:48:19 [Note] Event Scheduler: Loaded 0 events
121206 21:48:19 [Note] /usr/sbin/mysqld: ready for connections.
Version: '5.1.63-0ubuntu0.10.04.1'  socket: '/var/run/mysqld/mysqld.sock'  port: 3306  (Ubuntu)
121211 22:35:35 [Note] Plugin 'FEDERATED' is disabled.
121211 22:35:35  InnoDB: Initializing buffer pool, size = 8.0M
121211 22:35:35  InnoDB: Completed initialization of buffer pool
InnoDB: The log sequence number in ibdata files does not match
InnoDB: the log sequence number in the ib_logfiles!
121211 22:35:35  InnoDB: Database was not shut down normally!
InnoDB: Starting crash recovery.
InnoDB: Reading tablespace information from the .ibd files...
InnoDB: Restoring possible half-written data pages from the doublewrite
InnoDB: buffer...
121211 22:35:35  InnoDB: Started; log sequence number 0 12531948
121211 22:35:35 [Note] Event Scheduler: Loaded 0 events
121211 22:35:35 [Note] /usr/sbin/mysqld: ready for connections.
Version: '5.1.63-0ubuntu0.10.04.1'  socket: '/var/run/mysqld/mysqld.sock'  port: 3306  (Ubuntu)
121214  4:24:06 [Note] Plugin 'FEDERATED' is disabled.
121214  4:24:06  InnoDB: Initializing buffer pool, size = 8.0M
121214  4:24:06  InnoDB: Completed initialization of buffer pool
InnoDB: The log sequence number in ibdata files does not match
InnoDB: the log sequence number in the ib_logfiles!
121214  4:24:06  InnoDB: Database was not shut down normally!
InnoDB: Starting crash recovery.
InnoDB: Reading tablespace information from the .ibd files...
InnoDB: Restoring possible half-written data pages from the doublewrite
InnoDB: buffer...
121214  4:24:06  InnoDB: Started; log sequence number 0 12800068
121214  4:24:06 [Note] Event Scheduler: Loaded 0 events
121214  4:24:06 [Note] /usr/sbin/mysqld: ready for connections.
Version: '5.1.63-0ubuntu0.10.04.1'  socket: '/var/run/mysqld/mysqld.sock'  port: 3306  (Ubuntu)
121214 18:13:03 [Note] Plugin 'FEDERATED' is disabled.
121214 18:13:03  InnoDB: Initializing buffer pool, size = 8.0M
121214 18:13:03  InnoDB: Completed initialization of buffer pool
InnoDB: The log sequence number in ibdata files does not match
InnoDB: the log sequence number in the ib_logfiles!
121214 18:13:03  InnoDB: Database was not shut down normally!
InnoDB: Starting crash recovery.
InnoDB: Reading tablespace information from the .ibd files...
InnoDB: Restoring possible half-written data pages from the doublewrite
InnoDB: buffer...
121214 18:13:03  InnoDB: Started; log sequence number 0 12812003
121214 18:13:03 [Note] Event Scheduler: Loaded 0 events
121214 18:13:03 [Note] /usr/sbin/mysqld: ready for connections.
Version: '5.1.63-0ubuntu0.10.04.1'  socket: '/var/run/mysqld/mysqld.sock'  port: 3306  (Ubuntu)
121218 16:59:43 [Note] Plugin 'FEDERATED' is disabled.
121218 16:59:43  InnoDB: Initializing buffer pool, size = 8.0M
121218 16:59:43  InnoDB: Completed initialization of buffer pool
InnoDB: The log sequence number in ibdata files does not match
InnoDB: the log sequence number in the ib_logfiles!
121218 16:59:43  InnoDB: Database was not shut down normally!
InnoDB: Starting crash recovery.
InnoDB: Reading tablespace information from the .ibd files...
InnoDB: Restoring possible half-written data pages from the doublewrite
InnoDB: buffer...
121218 16:59:43  InnoDB: Started; log sequence number 0 12932815
121218 16:59:43 [Note] Event Scheduler: Loaded 0 events
121218 16:59:43 [Note] /usr/sbin/mysqld: ready for connections.
Version: '5.1.63-0ubuntu0.10.04.1'  socket: '/var/run/mysqld/mysqld.sock'  port: 3306  (Ubuntu)
121218 17:06:58 [Note] /usr/sbin/mysqld: Normal shutdown

121218 17:06:58 [Note] Event Scheduler: Purging the queue. 0 events
121218 17:06:58  InnoDB: Starting shutdown...
121218 17:07:12 [Note] Plugin 'FEDERATED' is disabled.
121218 17:07:12  InnoDB: Initializing buffer pool, size = 8.0M
121218 17:07:12  InnoDB: Completed initialization of buffer pool
InnoDB: The log sequence number in ibdata files does not match
InnoDB: the log sequence number in the ib_logfiles!
121218 17:07:12  InnoDB: Database was not shut down normally!
InnoDB: Starting crash recovery.
InnoDB: Reading tablespace information from the .ibd files...
InnoDB: Restoring possible half-written data pages from the doublewrite
InnoDB: buffer...
121218 17:07:12  InnoDB: Started; log sequence number 0 12932854
121218 17:07:12 [Note] Event Scheduler: Loaded 0 events
121218 17:07:12 [Note] /usr/sbin/mysqld: ready for connections.
Version: '5.1.63-0ubuntu0.10.04.1'  socket: '/var/run/mysqld/mysqld.sock'  port: 3306  (Ubuntu)
121218 18:54:23 [Note] Plugin 'FEDERATED' is disabled.
121218 18:54:23  InnoDB: Initializing buffer pool, size = 8.0M
121218 18:54:23  InnoDB: Completed initialization of buffer pool
InnoDB: The log sequence number in ibdata files does not match
InnoDB: the log sequence number in the ib_logfiles!
121218 18:54:23  InnoDB: Database was not shut down normally!
InnoDB: Starting crash recovery.
InnoDB: Reading tablespace information from the .ibd files...
InnoDB: Restoring possible half-written data pages from the doublewrite
InnoDB: buffer...
121218 18:54:23  InnoDB: Started; log sequence number 0 16334981
121218 18:54:23 [Note] Event Scheduler: Loaded 0 events
121218 18:54:23 [Note] /usr/sbin/mysqld: ready for connections.
Version: '5.1.63-0ubuntu0.10.04.1'  socket: '/var/run/mysqld/mysqld.sock'  port: 3306  (Ubuntu)
121218 19:58:45 [Note] Plugin 'FEDERATED' is disabled.
121218 19:58:45  InnoDB: Initializing buffer pool, size = 8.0M
121218 19:58:45  InnoDB: Completed initialization of buffer pool
InnoDB: The log sequence number in ibdata files does not match
InnoDB: the log sequence number in the ib_logfiles!
121218 19:58:45  InnoDB: Database was not shut down normally!
InnoDB: Starting crash recovery.
InnoDB: Reading tablespace information from the .ibd files...
InnoDB: Restoring possible half-written data pages from the doublewrite
InnoDB: buffer...
121218 19:58:45  InnoDB: Started; log sequence number 0 16334981
121218 19:58:45 [Note] Event Scheduler: Loaded 0 events
121218 19:58:45 [Note] /usr/sbin/mysqld: ready for connections.
Version: '5.1.63-0ubuntu0.10.04.1'  socket: '/var/run/mysqld/mysqld.sock'  port: 3306  (Ubuntu)
130108  1:00:35 [Note] Plugin 'FEDERATED' is disabled.
130108  1:00:35  InnoDB: Initializing buffer pool, size = 8.0M
130108  1:00:35  InnoDB: Completed initialization of buffer pool
InnoDB: The log sequence number in ibdata files does not match
InnoDB: the log sequence number in the ib_logfiles!
130108  1:00:35  InnoDB: Database was not shut down normally!
InnoDB: Starting crash recovery.
InnoDB: Reading tablespace information from the .ibd files...
InnoDB: Restoring possible half-written data pages from the doublewrite
InnoDB: buffer...
130108  1:00:35  InnoDB: Started; log sequence number 0 16354321
130108  1:00:35 [Note] Event Scheduler: Loaded 0 events
130108  1:00:35 [Note] /usr/sbin/mysqld: ready for connections.
Version: '5.1.63-0ubuntu0.10.04.1'  socket: '/var/run/mysqld/mysqld.sock'  port: 3306  (Ubuntu)
130110  0:29:41 [Note] /usr/sbin/mysqld: Normal shutdown

130110  0:29:41 [Note] Event Scheduler: Purging the queue. 0 events
130110  0:29:41  InnoDB: Starting shutdown...
130110  1:44:37 [Note] Plugin 'FEDERATED' is disabled.
130110  1:44:37  InnoDB: Initializing buffer pool, size = 8.0M
130110  1:44:37  InnoDB: Completed initialization of buffer pool
InnoDB: The log sequence number in ibdata files does not match
InnoDB: the log sequence number in the ib_logfiles!
130110  1:44:37  InnoDB: Database was not shut down normally!
InnoDB: Starting crash recovery.
InnoDB: Reading tablespace information from the .ibd files...
InnoDB: Restoring possible half-written data pages from the doublewrite
InnoDB: buffer...
130110  1:44:37  InnoDB: Started; log sequence number 0 16575711
130110  1:44:37 [Note] Event Scheduler: Loaded 0 events
130110  1:44:37 [Note] /usr/sbin/mysqld: ready for connections.
Version: '5.1.63-0ubuntu0.10.04.1'  socket: '/var/run/mysqld/mysqld.sock'  port: 3306  (Ubuntu)
130110 13:45:56 [Note] Plugin 'FEDERATED' is disabled.
130110 13:45:56  InnoDB: Initializing buffer pool, size = 8.0M
130110 13:45:56  InnoDB: Completed initialization of buffer pool
InnoDB: The log sequence number in ibdata files does not match
InnoDB: the log sequence number in the ib_logfiles!
130110 13:45:56  InnoDB: Database was not shut down normally!
InnoDB: Starting crash recovery.
InnoDB: Reading tablespace information from the .ibd files...
InnoDB: Restoring possible half-written data pages from the doublewrite
InnoDB: buffer...
130110 13:45:56  InnoDB: Started; log sequence number 0 16635278
130110 13:45:57 [Note] Event Scheduler: Loaded 0 events
130110 13:45:57 [Note] /usr/sbin/mysqld: ready for connections.
Version: '5.1.63-0ubuntu0.10.04.1'  socket: '/var/run/mysqld/mysqld.sock'  port: 3306  (Ubuntu)
130112  4:10:53 [Note] /usr/sbin/mysqld: Normal shutdown

130112  4:10:53 [Note] Event Scheduler: Purging the queue. 0 events
130112  4:10:53  InnoDB: Starting shutdown...
130112  4:11:06 [Note] Plugin 'FEDERATED' is disabled.
130112  4:11:06  InnoDB: Initializing buffer pool, size = 8.0M
130112  4:11:06  InnoDB: Completed initialization of buffer pool
130112  4:11:07  InnoDB: Started; log sequence number 0 16809145
130112  4:11:07 [Note] Event Scheduler: Loaded 0 events
130112  4:11:07 [Note] /usr/sbin/mysqld: ready for connections.
Version: '5.1.63-0ubuntu0.10.04.1'  socket: '/var/run/mysqld/mysqld.sock'  port: 3306  (Ubuntu)
130113 11:48:03 [Note] /usr/sbin/mysqld: Normal shutdown

130113 11:48:03 [Note] Event Scheduler: Purging the queue. 0 events
130113 11:48:03  InnoDB: Starting shutdown...
130113 11:48:05  InnoDB: Shutdown completed; log sequence number 0 16905052
130113 11:48:05 [Note] /usr/sbin/mysqld: Shutdown complete

130113 11:48:16 [Note] Plugin 'FEDERATED' is disabled.
130113 11:48:16  InnoDB: Initializing buffer pool, size = 8.0M
130113 11:48:16  InnoDB: Completed initialization of buffer pool
130113 11:48:16  InnoDB: Started; log sequence number 0 16905052
130113 11:48:16 [Note] Event Scheduler: Loaded 0 events
130113 11:48:16 [Note] /usr/sbin/mysqld: ready for connections.
Version: '5.1.63-0ubuntu0.10.04.1'  socket: '/var/run/mysqld/mysqld.sock'  port: 3306  (Ubuntu)
130113 11:50:24 [Note] /usr/sbin/mysqld: Normal shutdown

130113 11:50:24 [Note] Event Scheduler: Purging the queue. 0 events
130113 11:50:24  InnoDB: Starting shutdown...
130113 11:50:37 [Note] Plugin 'FEDERATED' is disabled.
130113 11:50:37  InnoDB: Initializing buffer pool, size = 8.0M
130113 11:50:37  InnoDB: Completed initialization of buffer pool
InnoDB: The log sequence number in ibdata files does not match
InnoDB: the log sequence number in the ib_logfiles!
130113 11:50:37  InnoDB: Database was not shut down normally!
InnoDB: Starting crash recovery.
InnoDB: Reading tablespace information from the .ibd files...
InnoDB: Restoring possible half-written data pages from the doublewrite
InnoDB: buffer...
130113 11:50:37  InnoDB: Started; log sequence number 0 16905091
130113 11:50:37 [Note] Event Scheduler: Loaded 0 events
130113 11:50:37 [Note] /usr/sbin/mysqld: ready for connections.
Version: '5.1.63-0ubuntu0.10.04.1'  socket: '/var/run/mysqld/mysqld.sock'  port: 3306  (Ubuntu)
130113 12:06:22 [Note] /usr/sbin/mysqld: Normal shutdown

130113 12:06:22 [Note] Event Scheduler: Purging the queue. 0 events
130113 12:06:22  InnoDB: Starting shutdown...
130113 12:06:36 [Note] Plugin 'FEDERATED' is disabled.
130113 12:06:36  InnoDB: Initializing buffer pool, size = 8.0M
130113 12:06:36  InnoDB: Completed initialization of buffer pool
130113 12:06:36  InnoDB: Started; log sequence number 0 16905091
130113 12:06:36 [Note] Event Scheduler: Loaded 0 events
130113 12:06:36 [Note] /usr/sbin/mysqld: ready for connections.
Version: '5.1.63-0ubuntu0.10.04.1'  socket: '/var/run/mysqld/mysqld.sock'  port: 3306  (Ubuntu)
130113 13:19:35 [Note] /usr/sbin/mysqld: Normal shutdown

130113 13:19:35 [Note] Event Scheduler: Purging the queue. 0 events
130113 13:19:35  InnoDB: Starting shutdown...
130113 13:19:39  InnoDB: Shutdown completed; log sequence number 0 18079250
130113 13:19:39 [Note] /usr/sbin/mysqld: Shutdown complete

130113 13:19:51 [Note] Plugin 'FEDERATED' is disabled.
130113 13:19:51  InnoDB: Initializing buffer pool, size = 8.0M
130113 13:19:51  InnoDB: Completed initialization of buffer pool
130113 13:19:52  InnoDB: Started; log sequence number 0 18079250
130113 13:19:52 [Note] Event Scheduler: Loaded 0 events
130113 13:19:52 [Note] /usr/sbin/mysqld: ready for connections.
Version: '5.1.63-0ubuntu0.10.04.1'  socket: '/var/run/mysqld/mysqld.sock'  port: 3306  (Ubuntu)
130113 13:24:10 [Note] /usr/sbin/mysqld: Normal shutdown

130113 13:24:10 [Note] Event Scheduler: Purging the queue. 0 events
130113 13:24:10  InnoDB: Starting shutdown...
130113 13:25:17 [Note] Plugin 'FEDERATED' is disabled.
130113 13:25:17  InnoDB: Initializing buffer pool, size = 8.0M
130113 13:25:17  InnoDB: Completed initialization of buffer pool
130113 13:25:17  InnoDB: Started; log sequence number 0 18079250
130113 13:25:17 [Note] Event Scheduler: Loaded 0 events
130113 13:25:17 [Note] /usr/sbin/mysqld: ready for connections.
Version: '5.1.63-0ubuntu0.10.04.1'  socket: '/var/run/mysqld/mysqld.sock'  port: 3306  (Ubuntu)
130113 13:56:16 [Note] /usr/sbin/mysqld: Normal shutdown

130113 13:56:16 [Note] Event Scheduler: Purging the queue. 0 events
130113 13:56:16  InnoDB: Starting shutdown...
130113 13:56:56 [Note] Plugin 'FEDERATED' is disabled.
130113 13:56:56  InnoDB: Initializing buffer pool, size = 8.0M
130113 13:56:56  InnoDB: Completed initialization of buffer pool
InnoDB: The log sequence number in ibdata files does not match
InnoDB: the log sequence number in the ib_logfiles!
130113 13:56:56  InnoDB: Database was not shut down normally!
InnoDB: Starting crash recovery.
InnoDB: Reading tablespace information from the .ibd files...
InnoDB: Restoring possible half-written data pages from the doublewrite
InnoDB: buffer...
130113 13:56:57  InnoDB: Started; log sequence number 0 18085113
130113 13:56:57 [Note] Event Scheduler: Loaded 0 events
130113 13:56:57 [Note] /usr/sbin/mysqld: ready for connections.
Version: '5.1.63-0ubuntu0.10.04.1'  socket: '/var/run/mysqld/mysqld.sock'  port: 3306  (Ubuntu)
130113 20:57:16 [Note] /usr/sbin/mysqld: Normal shutdown

130113 20:57:16 [Note] Event Scheduler: Purging the queue. 0 events
130113 20:57:16  InnoDB: Starting shutdown...
130113 20:57:21  InnoDB: Shutdown completed; log sequence number 0 18109819
130113 20:57:21 [Note] /usr/sbin/mysqld: Shutdown complete

130113 20:57:57 [Note] Plugin 'FEDERATED' is disabled.
130113 20:57:57  InnoDB: Initializing buffer pool, size = 8.0M
130113 20:57:57  InnoDB: Completed initialization of buffer pool
130113 20:57:57  InnoDB: Started; log sequence number 0 18109819
130113 20:57:57  InnoDB: Starting shutdown...
130113 20:58:03  InnoDB: Shutdown completed; log sequence number 0 18109819
130113 20:58:03 [Note] Plugin 'FEDERATED' is disabled.
130113 20:58:03  InnoDB: Initializing buffer pool, size = 8.0M
130113 20:58:03  InnoDB: Completed initialization of buffer pool
130113 20:58:03  InnoDB: Started; log sequence number 0 18109819
ERROR: 1064  You have an error in your SQL syntax; check the manual that corresponds to your MySQL server version for the right syntax to use near 'ALTER TABLE user ADD column Show_view_priv enum('N','Y') CHARACTER SET utf8 NOT ' at line 1
130113 20:58:03 [ERROR] Aborting

130113 20:58:03  InnoDB: Starting shutdown...
130113 20:58:08  InnoDB: Shutdown completed; log sequence number 0 18109819
130113 20:58:08 [Note] /usr/sbin/mysqld: Shutdown complete

130113 20:58:08 [Note] Plugin 'FEDERATED' is disabled.
130113 20:58:08  InnoDB: Initializing buffer pool, size = 8.0M
130113 20:58:08  InnoDB: Completed initialization of buffer pool
130113 20:58:08  InnoDB: Started; log sequence number 0 18109819
130113 20:58:08  InnoDB: Starting shutdown...
130113 20:58:13  InnoDB: Shutdown completed; log sequence number 0 18109819
130113 20:58:13 [Note] Plugin 'FEDERATED' is disabled.
130113 20:58:13  InnoDB: Initializing buffer pool, size = 8.0M
130113 20:58:13  InnoDB: Completed initialization of buffer pool
130113 20:58:13  InnoDB: Started; log sequence number 0 18109819
ERROR: 1050  Table 'plugin' already exists
130113 20:58:13 [ERROR] Aborting

130113 20:58:13  InnoDB: Starting shutdown...
130113 20:58:18  InnoDB: Shutdown completed; log sequence number 0 18109819
130113 20:58:18 [Note] /usr/sbin/mysqld: Shutdown complete

130113 20:58:19 [Note] Plugin 'FEDERATED' is disabled.
130113 20:58:19  InnoDB: Initializing buffer pool, size = 8.0M
130113 20:58:19  InnoDB: Completed initialization of buffer pool
130113 20:58:19  InnoDB: Started; log sequence number 0 18109819
130113 20:58:19 [Note] Event Scheduler: Loaded 0 events
130113 20:58:19 [Note] /usr/sbin/mysqld: ready for connections.
Version: '5.1.66-0ubuntu0.10.04.3'  socket: '/var/run/mysqld/mysqld.sock'  port: 3306  (Ubuntu)
130116  0:34:12 [Note] /usr/sbin/mysqld: Normal shutdown

130116  0:34:12 [Note] Event Scheduler: Purging the queue. 0 events
130116  0:34:12  InnoDB: Starting shutdown...
130116  0:35:06 [Note] Plugin 'FEDERATED' is disabled.
130116  0:35:06  InnoDB: Initializing buffer pool, size = 8.0M
130116  0:35:06  InnoDB: Completed initialization of buffer pool
InnoDB: The log sequence number in ibdata files does not match
InnoDB: the log sequence number in the ib_logfiles!
130116  0:35:06  InnoDB: Database was not shut down normally!
InnoDB: Starting crash recovery.
InnoDB: Reading tablespace information from the .ibd files...
InnoDB: Restoring possible half-written data pages from the doublewrite
InnoDB: buffer...
130116  0:35:06  InnoDB: Started; log sequence number 0 18289536
130116  0:35:06 [Note] Event Scheduler: Loaded 0 events
130116  0:35:06 [Note] /usr/sbin/mysqld: ready for connections.
Version: '5.1.66-0ubuntu0.10.04.3'  socket: '/var/run/mysqld/mysqld.sock'  port: 3306  (Ubuntu)
130116  1:34:00 [Note] Plugin 'FEDERATED' is disabled.
130116  1:34:00  InnoDB: Initializing buffer pool, size = 8.0M
130116  1:34:00  InnoDB: Completed initialization of buffer pool
InnoDB: The log sequence number in ibdata files does not match
InnoDB: the log sequence number in the ib_logfiles!
130116  1:34:00  InnoDB: Database was not shut down normally!
InnoDB: Starting crash recovery.
InnoDB: Reading tablespace information from the .ibd files...
InnoDB: Restoring possible half-written data pages from the doublewrite
InnoDB: buffer...
130116  1:34:01  InnoDB: Started; log sequence number 0 18291251
130116  1:34:01 [Note] Event Scheduler: Loaded 0 events
130116  1:34:01 [Note] /usr/sbin/mysqld: ready for connections.
Version: '5.1.66-0ubuntu0.10.04.3'  socket: '/var/run/mysqld/mysqld.sock'  port: 3306  (Ubuntu)
130213 23:05:44 [Note] Plugin 'FEDERATED' is disabled.
130213 23:05:44  InnoDB: Initializing buffer pool, size = 8.0M
130213 23:05:44  InnoDB: Completed initialization of buffer pool
InnoDB: The log sequence number in ibdata files does not match
InnoDB: the log sequence number in the ib_logfiles!
130213 23:05:44  InnoDB: Database was not shut down normally!
InnoDB: Starting crash recovery.
InnoDB: Reading tablespace information from the .ibd files...
InnoDB: Restoring possible half-written data pages from the doublewrite
InnoDB: buffer...
130213 23:05:44  InnoDB: Started; log sequence number 0 18291251
130213 23:05:44 [Note] Event Scheduler: Loaded 0 events
130213 23:05:44 [Note] /usr/sbin/mysqld: ready for connections.
Version: '5.1.66-0ubuntu0.10.04.3'  socket: '/var/run/mysqld/mysqld.sock'  port: 3306  (Ubuntu)
