Jan 13 20:03:29 moodle cron-apt: CRON-APT RUN [/etc/cron-apt/config]: Sun Jan 13 19:24:01 UTC 2013
Jan 13 20:03:29 moodle cron-apt: CRON-APT SLEEP: 2270, Sun Jan 13 20:01:51 UTC 2013
Jan 13 20:03:29 moodle cron-apt: CRON-APT ACTION: 5-install
Jan 13 20:03:29 moodle cron-apt: CRON-APT LINE: /usr/bin/apt-get autoclean -q -y
Jan 13 20:03:29 moodle cron-apt: Reading package lists...
Jan 13 20:03:29 moodle cron-apt: Building dependency tree...
Jan 13 20:03:29 moodle cron-apt: Reading state information...
Jan 13 20:03:29 moodle cron-apt: Del liblwres60 1:9.7.0.dfsg.P1-1ubuntu0.7 [47.4kB]
Jan 13 20:03:29 moodle cron-apt: Del apache2-utils 2.2.14-5ubuntu8.8 [160kB]
Jan 13 20:03:29 moodle cron-apt: Del gpgv 1.4.10-2ubuntu1.1 [206kB]
Jan 13 20:03:29 moodle cron-apt: Del apache2.2-common 2.2.14-5ubuntu8.8 [291kB]
Jan 13 20:03:29 moodle cron-apt: Del libc6 2.11.1-0ubuntu7.10 [3893kB]
Jan 13 20:03:29 moodle cron-apt: Del mysql-common 5.1.63-0ubuntu0.10.04.1 [71.5kB]
Jan 13 20:03:29 moodle cron-apt: Del linux-image-generic 2.6.32.43.50 [5010B]
Jan 13 20:03:29 moodle cron-apt: Del mysql-server-core-5.1 5.1.63-0ubuntu0.10.04.1 [4724kB]
Jan 13 20:03:29 moodle cron-apt: Del libbind9-60 1:9.7.0.dfsg.P1-1ubuntu0.7 [35.2kB]
Jan 13 20:03:29 moodle cron-apt: Del tklbam 1.1+10+gc5e7f61 [68.6kB]
Jan 13 20:03:29 moodle cron-apt: Del mysql-server 5.1.63-0ubuntu0.10.04.1 [67.3kB]
Jan 13 20:03:29 moodle cron-apt: Del linux-libc-dev 2.6.32-43.97 [860kB]
Jan 13 20:03:29 moodle cron-apt: Del libisccfg60 1:9.7.0.dfsg.P1-1ubuntu0.7 [46.8kB]
Jan 13 20:03:29 moodle cron-apt: Del libisccc60 1:9.7.0.dfsg.P1-1ubuntu0.7 [28.7kB]
Jan 13 20:03:29 moodle cron-apt: Del libc6-dev 2.11.1-0ubuntu7.10 [4853kB]
Jan 13 20:03:29 moodle cron-apt: Del apache2-mpm-prefork 2.2.14-5ubuntu8.8 [2428B]
Jan 13 20:03:29 moodle cron-apt: Del mysql-server-5.1 5.1.63-0ubuntu0.10.04.1 [6994kB]
Jan 13 20:03:29 moodle cron-apt: Del libisc60 1:9.7.0.dfsg.P1-1ubuntu0.7 [157kB]
Jan 13 20:03:29 moodle cron-apt: Del apache2.2-bin 2.2.14-5ubuntu8.8 [2632kB]
Jan 13 20:03:29 moodle cron-apt: Del libc-bin 2.11.1-0ubuntu7.10 [725kB]
Jan 13 20:03:29 moodle cron-apt: Del apache2 2.2.14-5ubuntu8.8 [1478B]
Jan 13 20:03:29 moodle cron-apt: Del mysql-client-core-5.1 5.1.63-0ubuntu0.10.04.1 [152kB]
Jan 13 20:03:29 moodle cron-apt: Del libdns64 1:9.7.0.dfsg.P1-1ubuntu0.7 [652kB]
Jan 13 20:03:29 moodle cron-apt: Del libmysqlclient16 5.1.63-0ubuntu0.10.04.1 [1898kB]
Jan 13 20:03:29 moodle cron-apt: Del gnupg 1.4.10-2ubuntu1.1 [1072kB]
Jan 13 20:03:29 moodle cron-apt: Del bind9-host 1:9.7.0.dfsg.P1-1ubuntu0.7 [65.4kB]
Jan 13 20:03:29 moodle cron-apt: Del libxml2 2.7.6.dfsg-1ubuntu1.5 [830kB]
Jan 13 20:03:29 moodle cron-apt: Del libc-dev-bin 2.11.1-0ubuntu7.10 [213kB]
Jan 13 20:03:29 moodle cron-apt: Del libdbus-1-3 1.2.16-2ubuntu4.5 [129kB]
Jan 13 20:03:29 moodle cron-apt: Del mysql-client-5.1 5.1.63-0ubuntu0.10.04.1 [8133kB]
Jan 13 20:57:53 moodle os-prober: debug: running /usr/lib/os-probes/mounted/10freedos on mounted /dev/sda1
Jan 13 20:57:53 moodle 10freedos: debug: /dev/sda1 is not a FAT partition: exiting
Jan 13 20:57:53 moodle os-prober: debug: running /usr/lib/os-probes/mounted/10qnx on mounted /dev/sda1
Jan 13 20:57:53 moodle 10qnx: debug: /dev/sda1 is not a QNX4 partition: exiting
Jan 13 20:57:53 moodle os-prober: debug: running /usr/lib/os-probes/mounted/20macosx on mounted /dev/sda1
Jan 13 20:57:53 moodle macosx-prober: debug: /dev/sda1 is not an HFS+ partition: exiting
Jan 13 20:57:53 moodle os-prober: debug: running /usr/lib/os-probes/mounted/20microsoft on mounted /dev/sda1
Jan 13 20:57:53 moodle 20microsoft: debug: /dev/sda1 is not a MS partition: exiting
Jan 13 20:57:53 moodle os-prober: debug: running /usr/lib/os-probes/mounted/30utility on mounted /dev/sda1
Jan 13 20:57:53 moodle 30utility: debug: /dev/sda1 is not a FAT partition: exiting
Jan 13 20:57:53 moodle os-prober: debug: running /usr/lib/os-probes/mounted/40lsb on mounted /dev/sda1
Jan 13 20:57:53 moodle os-prober: debug: running /usr/lib/os-probes/mounted/70hurd on mounted /dev/sda1
Jan 13 20:57:53 moodle os-prober: debug: running /usr/lib/os-probes/mounted/80minix on mounted /dev/sda1
Jan 13 20:57:53 moodle os-prober: debug: running /usr/lib/os-probes/mounted/90linux-distro on mounted /dev/sda1
Jan 13 20:57:53 moodle os-prober: debug: running /usr/lib/os-probes/mounted/90solaris on mounted /dev/sda1
Jan 13 20:57:53 moodle os-prober: debug: running /usr/lib/os-probes/50mounted-tests on /dev/sda2
Jan 13 20:57:53 moodle 50mounted-tests: debug: /dev/sda2 type not recognised; skipping
Jan 13 20:57:53 moodle os-prober: debug: os detected by /usr/lib/os-probes/50mounted-tests
Jan 13 20:57:53 moodle os-prober: debug: running /usr/lib/os-probes/50mounted-tests on /dev/sda5
Jan 13 20:57:53 moodle os-prober: debug: running /usr/lib/os-probes/50mounted-tests on /dev/mapper/turnkey-swap_1
Jan 13 20:57:53 moodle 50mounted-tests: debug: /dev/mapper/turnkey-swap_1 is a swap partition; skipping
Jan 13 20:57:53 moodle os-prober: debug: os detected by /usr/lib/os-probes/50mounted-tests
Jan 13 20:58:26 moodle cron-apt: CRON-APT LINE: /usr/bin/apt-get dist-upgrade -q -y -o APT::Get::Show-Upgraded=true -o Dir::Etc::sourcelist=/etc/apt/sources.list.d/security.sources.list -o Dir::Etc::sourceparts=nonexistent -o DPkg::Options::=--force-confdef -o DPkg::Options::=--force-confold
Jan 13 20:58:26 moodle cron-apt: Reading package lists...
Jan 13 20:58:26 moodle cron-apt: Building dependency tree...
Jan 13 20:58:26 moodle cron-apt: Reading state information...
Jan 13 20:58:26 moodle cron-apt: The following NEW packages will be installed:
Jan 13 20:58:26 moodle cron-apt:   linux-image-2.6.32-45-generic
Jan 13 20:58:26 moodle cron-apt: The following packages will be upgraded:
Jan 13 20:58:26 moodle cron-apt:   apache2 apache2-mpm-prefork apache2-utils apache2.2-bin apache2.2-common
Jan 13 20:58:26 moodle cron-apt:   bind9-host gnupg gpgv hubdns libbind9-60 libc-bin libc-dev-bin libc6
Jan 13 20:58:26 moodle cron-apt:   libc6-dev libdbus-1-3 libdns64 libisc60 libisccc60 libisccfg60 liblwres60
Jan 13 20:58:26 moodle cron-apt:   libmysqlclient16 libxml2 linux-image-generic linux-libc-dev mysql-client-5.1
Jan 13 20:58:26 moodle cron-apt:   mysql-client-core-5.1 mysql-common mysql-server mysql-server-5.1
Jan 13 20:58:26 moodle cron-apt:   mysql-server-core-5.1 perl perl-base perl-modules python2.6
Jan 13 20:58:26 moodle cron-apt:   python2.6-minimal tklbam
Jan 13 20:58:26 moodle cron-apt: 36 upgraded, 1 newly installed, 0 to remove and 0 not upgraded.
Jan 13 20:58:26 moodle cron-apt: Need to get 83.0MB of archives.
Jan 13 20:58:26 moodle cron-apt: After this operation, 99.0MB of additional disk space will be used.
Jan 13 20:58:26 moodle cron-apt: Get:1 http://us.archive.ubuntu.com/ubuntu/ lucid-security/main perl-modules 5.10.1-8ubuntu2.2 [3485kB]
Jan 13 20:58:26 moodle cron-apt: Get:2 http://us.archive.ubuntu.com/ubuntu/ lucid-security/main libc-dev-bin 2.11.1-0ubuntu7.11 [214kB]
Jan 13 20:58:26 moodle cron-apt: Get:3 http://us.archive.ubuntu.com/ubuntu/ lucid-security/main libc6-dev 2.11.1-0ubuntu7.11 [4891kB]
Jan 13 20:58:26 moodle cron-apt: Get:4 http://us.archive.ubuntu.com/ubuntu/ lucid-security/main libc-bin 2.11.1-0ubuntu7.11 [732kB]
Jan 13 20:58:26 moodle cron-apt: Get:5 http://us.archive.ubuntu.com/ubuntu/ lucid-security/main libc6 2.11.1-0ubuntu7.11 [3903kB]
Jan 13 20:58:26 moodle cron-apt: Get:6 http://us.archive.ubuntu.com/ubuntu/ lucid-security/main linux-libc-dev 2.6.32-45.102 [865kB]
Jan 13 20:58:26 moodle cron-apt: Get:7 http://us.archive.ubuntu.com/ubuntu/ lucid-security/main perl 5.10.1-8ubuntu2.2 [3729kB]
Jan 13 20:58:26 moodle cron-apt: Get:8 http://us.archive.ubuntu.com/ubuntu/ lucid-security/main perl-base 5.10.1-8ubuntu2.2 [1007kB]
Jan 13 20:58:26 moodle cron-apt: Get:9 http://us.archive.ubuntu.com/ubuntu/ lucid-security/main linux-image-2.6.32-45-generic 2.6.32-45.102 [31.8MB]
Jan 13 20:58:26 moodle cron-apt: Get:10 http://us.archive.ubuntu.com/ubuntu/ lucid-security/main mysql-common 5.1.66-0ubuntu0.10.04.3 [80.0kB]
Jan 13 20:58:26 moodle cron-apt: Get:11 http://us.archive.ubuntu.com/ubuntu/ lucid-security/main mysql-server 5.1.66-0ubuntu0.10.04.3 [75.5kB]
Jan 13 20:58:26 moodle cron-apt: Get:12 http://us.archive.ubuntu.com/ubuntu/ lucid-security/main libmysqlclient16 5.1.66-0ubuntu0.10.04.3 [1906kB]
Jan 13 20:58:26 moodle cron-apt: Get:13 http://us.archive.ubuntu.com/ubuntu/ lucid-security/main mysql-client-core-5.1 5.1.66-0ubuntu0.10.04.3 [160kB]
Jan 13 20:58:26 moodle cron-apt: Get:14 http://us.archive.ubuntu.com/ubuntu/ lucid-security/main mysql-client-5.1 5.1.66-0ubuntu0.10.04.3 [8156kB]
Jan 13 20:58:26 moodle cron-apt: Get:15 http://us.archive.ubuntu.com/ubuntu/ lucid-security/main mysql-server-core-5.1 5.1.66-0ubuntu0.10.04.3 [4740kB]
Jan 13 20:58:26 moodle cron-apt: Get:16 http://us.archive.ubuntu.com/ubuntu/ lucid-security/main mysql-server-5.1 5.1.66-0ubuntu0.10.04.3 [7006kB]
Jan 13 20:58:26 moodle cron-apt: Get:17 http://us.archive.ubuntu.com/ubuntu/ lucid-security/main python2.6 2.6.5-1ubuntu6.1 [2476kB]
Jan 13 20:58:26 moodle cron-apt: Get:18 http://us.archive.ubuntu.com/ubuntu/ lucid-security/main python2.6-minimal 2.6.5-1ubuntu6.1 [1380kB]
Jan 13 20:58:26 moodle cron-apt: Get:19 http://us.archive.ubuntu.com/ubuntu/ lucid-security/main gpgv 1.4.10-2ubuntu1.2 [206kB]
Jan 13 20:58:26 moodle cron-apt: Get:20 http://us.archive.ubuntu.com/ubuntu/ lucid-security/main gnupg 1.4.10-2ubuntu1.2 [1073kB]
Jan 13 20:58:26 moodle cron-apt: Get:21 http://us.archive.ubuntu.com/ubuntu/ lucid-security/main libxml2 2.7.6.dfsg-1ubuntu1.7 [830kB]
Jan 13 20:58:26 moodle cron-apt: Get:22 http://us.archive.ubuntu.com/ubuntu/ lucid-security/main bind9-host 1:9.7.0.dfsg.P1-1ubuntu0.8 [65.6kB]
Jan 13 20:58:26 moodle cron-apt: Get:23 http://us.archive.ubuntu.com/ubuntu/ lucid-security/main libisc60 1:9.7.0.dfsg.P1-1ubuntu0.8 [157kB]
Jan 13 20:58:26 moodle cron-apt: Get:24 http://us.archive.ubuntu.com/ubuntu/ lucid-security/main libdns64 1:9.7.0.dfsg.P1-1ubuntu0.8 [653kB]
Jan 13 20:58:26 moodle cron-apt: Get:25 http://us.archive.ubuntu.com/ubuntu/ lucid-security/main libisccc60 1:9.7.0.dfsg.P1-1ubuntu0.8 [29.2kB]
Jan 13 20:58:26 moodle cron-apt: Get:26 http://us.archive.ubuntu.com/ubuntu/ lucid-security/main libisccfg60 1:9.7.0.dfsg.P1-1ubuntu0.8 [47.6kB]
Jan 13 20:58:26 moodle cron-apt: Get:27 http://us.archive.ubuntu.com/ubuntu/ lucid-security/main libbind9-60 1:9.7.0.dfsg.P1-1ubuntu0.8 [35.5kB]
Jan 13 20:58:26 moodle cron-apt: Get:28 http://us.archive.ubuntu.com/ubuntu/ lucid-security/main liblwres60 1:9.7.0.dfsg.P1-1ubuntu0.8 [48.0kB]
Jan 13 20:58:26 moodle cron-apt: Get:29 http://us.archive.ubuntu.com/ubuntu/ lucid-security/main apache2 2.2.14-5ubuntu8.10 [1486B]
Jan 13 20:58:26 moodle cron-apt: Get:30 http://us.archive.ubuntu.com/ubuntu/ lucid-security/main apache2-mpm-prefork 2.2.14-5ubuntu8.10 [2456B]
Jan 13 20:58:26 moodle cron-apt: Get:31 http://us.archive.ubuntu.com/ubuntu/ lucid-security/main apache2.2-common 2.2.14-5ubuntu8.10 [299kB]
Jan 13 20:58:26 moodle cron-apt: Get:32 http://us.archive.ubuntu.com/ubuntu/ lucid-security/main apache2.2-bin 2.2.14-5ubuntu8.10 [2639kB]
Jan 13 20:58:26 moodle cron-apt: Get:33 http://us.archive.ubuntu.com/ubuntu/ lucid-security/main apache2-utils 2.2.14-5ubuntu8.10 [161kB]
Jan 13 20:58:26 moodle cron-apt: Get:34 http://archive.turnkeylinux.org/ubuntu/ lucid-security/main hubdns 1.0+2+gafd97f5 [6436B]
Jan 13 20:58:26 moodle cron-apt: Get:35 http://us.archive.ubuntu.com/ubuntu/ lucid-security/main libdbus-1-3 1.2.16-2ubuntu4.7 [129kB]
Jan 13 20:58:26 moodle cron-apt: Get:36 http://us.archive.ubuntu.com/ubuntu/ lucid-security/main linux-image-generic 2.6.32.45.52 [5072B]
Jan 13 20:58:26 moodle cron-apt: Get:37 http://archive.turnkeylinux.org/ubuntu/ lucid-security/main tklbam 1.1+11+g65edb8d [69.5kB]
Jan 13 20:58:26 moodle cron-apt: [master 2940810] saving uncommitted changes in /etc prior to apt run
Jan 13 20:58:26 moodle cron-apt:  18 files changed, 2219 insertions(+), 11 deletions(-)
Jan 13 20:58:26 moodle cron-apt: debconf: delaying package configuration, since apt-utils is not installed
Jan 13 20:58:26 moodle cron-apt: Fetched 83.0MB in 53min 20s (25.9kB/s)
Jan 13 20:58:26 moodle cron-apt: (Reading database ... 32983 files and directories currently installed.)
Jan 13 20:58:26 moodle cron-apt: Preparing to replace perl-modules 5.10.1-8ubuntu2.1 (using .../perl-modules_5.10.1-8ubuntu2.2_all.deb) ...
Jan 13 20:58:26 moodle cron-apt: Unpacking replacement perl-modules ...
Jan 13 20:58:26 moodle cron-apt: Preparing to replace libc-dev-bin 2.11.1-0ubuntu7.10 (using .../libc-dev-bin_2.11.1-0ubuntu7.11_i386.deb) ...
Jan 13 20:58:26 moodle cron-apt: Unpacking replacement libc-dev-bin ...
Jan 13 20:58:26 moodle cron-apt: Preparing to replace libc6-dev 2.11.1-0ubuntu7.10 (using .../libc6-dev_2.11.1-0ubuntu7.11_i386.deb) ...
Jan 13 20:58:26 moodle cron-apt: Unpacking replacement libc6-dev ...
Jan 13 20:58:26 moodle cron-apt: Preparing to replace libc-bin 2.11.1-0ubuntu7.10 (using .../libc-bin_2.11.1-0ubuntu7.11_i386.deb) ...
Jan 13 20:58:26 moodle cron-apt: Unpacking replacement libc-bin ...
Jan 13 20:58:26 moodle cron-apt: Processing triggers for man-db ...
Jan 13 20:58:26 moodle cron-apt: Setting up libc-bin (2.11.1-0ubuntu7.11) ...
Jan 13 20:58:26 moodle cron-apt: 
Jan 13 20:58:26 moodle cron-apt: (Reading database ... 32983 files and directories currently installed.)
Jan 13 20:58:26 moodle cron-apt: Preparing to replace libc6 2.11.1-0ubuntu7.10 (using .../libc6_2.11.1-0ubuntu7.11_i386.deb) ...
Jan 13 20:58:26 moodle cron-apt: Unpacking replacement libc6 ...
Jan 13 20:58:26 moodle cron-apt: Setting up libc6 (2.11.1-0ubuntu7.11) ...
Jan 13 20:58:26 moodle cron-apt: 
Jan 13 20:58:26 moodle cron-apt: Processing triggers for libc-bin ...
Jan 13 20:58:26 moodle cron-apt: ldconfig deferred processing now taking place
Jan 13 20:58:26 moodle cron-apt: (Reading database ... 32983 files and directories currently installed.)
Jan 13 20:58:26 moodle cron-apt: Preparing to replace linux-libc-dev 2.6.32-43.97 (using .../linux-libc-dev_2.6.32-45.102_i386.deb) ...
Jan 13 20:58:26 moodle cron-apt: Unpacking replacement linux-libc-dev ...
Jan 13 20:58:26 moodle cron-apt: Preparing to replace perl 5.10.1-8ubuntu2.1 (using .../perl_5.10.1-8ubuntu2.2_i386.deb) ...
Jan 13 20:58:26 moodle cron-apt: Unpacking replacement perl ...
Jan 13 20:58:26 moodle cron-apt: Preparing to replace perl-base 5.10.1-8ubuntu2.1 (using .../perl-base_5.10.1-8ubuntu2.2_i386.deb) ...
Jan 13 20:58:26 moodle cron-apt: Unpacking replacement perl-base ...
Jan 13 20:58:26 moodle cron-apt: Processing triggers for man-db ...
Jan 13 20:58:26 moodle cron-apt: Setting up perl-base (5.10.1-8ubuntu2.2) ...
Jan 13 20:58:26 moodle cron-apt: Selecting previously deselected package linux-image-2.6.32-45-generic.
Jan 13 20:58:26 moodle cron-apt: (Reading database ... 32983 files and directories currently installed.)
Jan 13 20:58:26 moodle cron-apt: Unpacking linux-image-2.6.32-45-generic (from .../linux-image-2.6.32-45-generic_2.6.32-45.102_i386.deb) ...
Jan 13 20:58:26 moodle cron-apt: Done.
Jan 13 20:58:26 moodle cron-apt: Preparing to replace mysql-common 5.1.63-0ubuntu0.10.04.1 (using .../mysql-common_5.1.66-0ubuntu0.10.04.3_all.deb) ...
Jan 13 20:58:26 moodle cron-apt: Unpacking replacement mysql-common ...
Jan 13 20:58:26 moodle cron-apt: Preparing to replace mysql-server 5.1.63-0ubuntu0.10.04.1 (using .../mysql-server_5.1.66-0ubuntu0.10.04.3_all.deb) ...
Jan 13 20:58:26 moodle cron-apt: Unpacking replacement mysql-server ...
Jan 13 20:58:26 moodle cron-apt: Preparing to replace libmysqlclient16 5.1.63-0ubuntu0.10.04.1 (using .../libmysqlclient16_5.1.66-0ubuntu0.10.04.3_i386.deb) ...
Jan 13 20:58:26 moodle cron-apt: Unpacking replacement libmysqlclient16 ...
Jan 13 20:58:26 moodle cron-apt: Preparing to replace mysql-client-core-5.1 5.1.63-0ubuntu0.10.04.1 (using .../mysql-client-core-5.1_5.1.66-0ubuntu0.10.04.3_i386.deb) ...
Jan 13 20:58:26 moodle cron-apt: Unpacking replacement mysql-client-core-5.1 ...
Jan 13 20:58:26 moodle cron-apt: Preparing to replace mysql-client-5.1 5.1.63-0ubuntu0.10.04.1 (using .../mysql-client-5.1_5.1.66-0ubuntu0.10.04.3_i386.deb) ...
Jan 13 20:58:26 moodle cron-apt: Unpacking replacement mysql-client-5.1 ...
Jan 13 20:58:26 moodle cron-apt: Preparing to replace mysql-server-core-5.1 5.1.63-0ubuntu0.10.04.1 (using .../mysql-server-core-5.1_5.1.66-0ubuntu0.10.04.3_i386.deb) ...
Jan 13 20:58:26 moodle cron-apt: Unpacking replacement mysql-server-core-5.1 ...
Jan 13 20:58:26 moodle cron-apt: Processing triggers for man-db ...
Jan 13 20:58:26 moodle cron-apt: Setting up mysql-common (5.1.66-0ubuntu0.10.04.3) ...
Jan 13 20:58:26 moodle cron-apt: (Reading database ... 36495 files and directories currently installed.)
Jan 13 20:58:26 moodle cron-apt: Preparing to replace mysql-server-5.1 5.1.63-0ubuntu0.10.04.1 (using .../mysql-server-5.1_5.1.66-0ubuntu0.10.04.3_i386.deb) ...
Jan 13 20:58:26 moodle cron-apt: mysql stop/waiting
Jan 13 20:58:26 moodle cron-apt: Unpacking replacement mysql-server-5.1 ...
Jan 13 20:58:26 moodle cron-apt: Preparing to replace python2.6 2.6.5-1ubuntu6 (using .../python2.6_2.6.5-1ubuntu6.1_i386.deb) ...
Jan 13 20:58:26 moodle cron-apt: Unpacking replacement python2.6 ...
Jan 13 20:58:26 moodle cron-apt: Preparing to replace python2.6-minimal 2.6.5-1ubuntu6 (using .../python2.6-minimal_2.6.5-1ubuntu6.1_i386.deb) ...
Jan 13 20:58:26 moodle cron-apt: Unpacking replacement python2.6-minimal ...
Jan 13 20:58:26 moodle cron-apt: Processing triggers for man-db ...
Jan 13 20:58:26 moodle cron-apt: Setting up python2.6-minimal (2.6.5-1ubuntu6.1) ...
Jan 13 20:58:26 moodle cron-apt: 
Jan 13 20:58:26 moodle cron-apt: (Reading database ... 36495 files and directories currently installed.)
Jan 13 20:58:26 moodle cron-apt: Preparing to replace gpgv 1.4.10-2ubuntu1.1 (using .../gpgv_1.4.10-2ubuntu1.2_i386.deb) ...
Jan 13 20:58:26 moodle cron-apt: Unpacking replacement gpgv ...
Jan 13 20:58:26 moodle cron-apt: Preparing to replace gnupg 1.4.10-2ubuntu1.1 (using .../gnupg_1.4.10-2ubuntu1.2_i386.deb) ...
Jan 13 20:58:26 moodle cron-apt: Unpacking replacement gnupg ...
Jan 13 20:58:26 moodle cron-apt: Preparing to replace libxml2 2.7.6.dfsg-1ubuntu1.5 (using .../libxml2_2.7.6.dfsg-1ubuntu1.7_i386.deb) ...
Jan 13 20:58:26 moodle cron-apt: Unpacking replacement libxml2 ...
Jan 13 20:58:26 moodle cron-apt: Preparing to replace bind9-host 1:9.7.0.dfsg.P1-1ubuntu0.7 (using .../bind9-host_1%3a9.7.0.dfsg.P1-1ubuntu0.8_i386.deb) ...
Jan 13 20:58:26 moodle cron-apt: Unpacking replacement bind9-host ...
Jan 13 20:58:26 moodle cron-apt: Preparing to replace libisc60 1:9.7.0.dfsg.P1-1ubuntu0.7 (using .../libisc60_1%3a9.7.0.dfsg.P1-1ubuntu0.8_i386.deb) ...
Jan 13 20:58:26 moodle cron-apt: Unpacking replacement libisc60 ...
Jan 13 20:58:26 moodle cron-apt: Preparing to replace libdns64 1:9.7.0.dfsg.P1-1ubuntu0.7 (using .../libdns64_1%3a9.7.0.dfsg.P1-1ubuntu0.8_i386.deb) ...
Jan 13 20:58:26 moodle cron-apt: Unpacking replacement libdns64 ...
Jan 13 20:58:26 moodle cron-apt: Preparing to replace libisccc60 1:9.7.0.dfsg.P1-1ubuntu0.7 (using .../libisccc60_1%3a9.7.0.dfsg.P1-1ubuntu0.8_i386.deb) ...
Jan 13 20:58:26 moodle cron-apt: Unpacking replacement libisccc60 ...
Jan 13 20:58:26 moodle cron-apt: Preparing to replace libisccfg60 1:9.7.0.dfsg.P1-1ubuntu0.7 (using .../libisccfg60_1%3a9.7.0.dfsg.P1-1ubuntu0.8_i386.deb) ...
Jan 13 20:58:26 moodle cron-apt: Unpacking replacement libisccfg60 ...
Jan 13 20:58:26 moodle cron-apt: Preparing to replace libbind9-60 1:9.7.0.dfsg.P1-1ubuntu0.7 (using .../libbind9-60_1%3a9.7.0.dfsg.P1-1ubuntu0.8_i386.deb) ...
Jan 13 20:58:26 moodle cron-apt: Unpacking replacement libbind9-60 ...
Jan 13 20:58:26 moodle cron-apt: Preparing to replace liblwres60 1:9.7.0.dfsg.P1-1ubuntu0.7 (using .../liblwres60_1%3a9.7.0.dfsg.P1-1ubuntu0.8_i386.deb) ...
Jan 13 20:58:26 moodle cron-apt: Unpacking replacement liblwres60 ...
Jan 13 20:58:26 moodle cron-apt: Preparing to replace apache2 2.2.14-5ubuntu8.8 (using .../apache2_2.2.14-5ubuntu8.10_i386.deb) ...
Jan 13 20:58:26 moodle cron-apt: Unpacking replacement apache2 ...
Jan 13 20:58:26 moodle cron-apt: Preparing to replace apache2-mpm-prefork 2.2.14-5ubuntu8.8 (using .../apache2-mpm-prefork_2.2.14-5ubuntu8.10_i386.deb) ...
Jan 13 20:58:26 moodle cron-apt:  * Stopping web server apache2
Jan 13 20:58:26 moodle cron-apt: apache2: Could not reliably determine the server's fully qualified domain name, using 127.0.1.1 for ServerName
Jan 13 20:58:26 moodle cron-apt:  ... waiting    ...done.
Jan 13 20:58:26 moodle cron-apt: Unpacking replacement apache2-mpm-prefork ...
Jan 13 20:58:26 moodle cron-apt: Preparing to replace apache2.2-common 2.2.14-5ubuntu8.8 (using .../apache2.2-common_2.2.14-5ubuntu8.10_i386.deb) ...
Jan 13 20:58:26 moodle cron-apt: Unpacking replacement apache2.2-common ...
Jan 13 20:58:26 moodle cron-apt: Preparing to replace apache2.2-bin 2.2.14-5ubuntu8.8 (using .../apache2.2-bin_2.2.14-5ubuntu8.10_i386.deb) ...
Jan 13 20:58:26 moodle cron-apt: Unpacking replacement apache2.2-bin ...
Jan 13 20:58:26 moodle cron-apt: Preparing to replace apache2-utils 2.2.14-5ubuntu8.8 (using .../apache2-utils_2.2.14-5ubuntu8.10_i386.deb) ...
Jan 13 20:58:26 moodle cron-apt: Unpacking replacement apache2-utils ...
Jan 13 20:58:26 moodle cron-apt: Preparing to replace hubdns 0+2011.6.21+08.28.08+851f06ac (using .../hubdns_1.0+2+gafd97f5_all.deb) ...
Jan 13 20:58:26 moodle cron-apt: Unpacking replacement hubdns ...
Jan 13 20:58:26 moodle cron-apt: Preparing to replace libdbus-1-3 1.2.16-2ubuntu4.5 (using .../libdbus-1-3_1.2.16-2ubuntu4.7_i386.deb) ...
Jan 13 20:58:26 moodle cron-apt: Unpacking replacement libdbus-1-3 ...
Jan 13 20:58:26 moodle cron-apt: Preparing to replace linux-image-generic 2.6.32.43.50 (using .../linux-image-generic_2.6.32.45.52_i386.deb) ...
Jan 13 20:58:26 moodle cron-apt: Unpacking replacement linux-image-generic ...
Jan 13 20:58:26 moodle cron-apt: Preparing to replace tklbam 1.1+10+gc5e7f61 (using .../tklbam_1.1+11+g65edb8d_all.deb) ...
Jan 13 20:58:26 moodle cron-apt: Unpacking replacement tklbam ...
Jan 13 20:58:26 moodle cron-apt: Processing triggers for man-db ...
Jan 13 20:58:26 moodle cron-apt: Setting up libc-dev-bin (2.11.1-0ubuntu7.11) ...
Jan 13 20:58:26 moodle cron-apt: Setting up linux-libc-dev (2.6.32-45.102) ...
Jan 13 20:58:26 moodle cron-apt: Setting up libc6-dev (2.11.1-0ubuntu7.11) ...
Jan 13 20:58:26 moodle cron-apt: Setting up linux-image-2.6.32-45-generic (2.6.32-45.102) ...
Jan 13 20:58:26 moodle cron-apt: Running depmod.
Jan 13 20:58:26 moodle cron-apt: update-initramfs: Generating /boot/initrd.img-2.6.32-45-generic
Jan 13 20:58:26 moodle cron-apt: .: 13: Can't open /scripts/casper-functions
Jan 13 20:58:26 moodle cron-apt: .: 6: Can't open /scripts/casper-functions
Jan 13 20:58:26 moodle cron-apt: .: 6: Can't open /scripts/casper-functions
Jan 13 20:58:26 moodle cron-apt: Running postinst hook script /usr/sbin/update-grub.
Jan 13 20:58:26 moodle cron-apt: Generating grub.cfg ...
Jan 13 20:58:26 moodle cron-apt: Found linux image: /boot/vmlinuz-2.6.32-45-generic
Jan 13 20:58:26 moodle cron-apt: Found initrd image: /boot/initrd.img-2.6.32-45-generic
Jan 13 20:58:26 moodle cron-apt: Found linux image: /boot/vmlinuz-2.6.32-43-generic
Jan 13 20:58:26 moodle cron-apt: Found initrd image: /boot/initrd.img-2.6.32-43-generic
Jan 13 20:58:26 moodle cron-apt: Found linux image: /boot/vmlinuz-2.6.32-42-generic
Jan 13 20:58:26 moodle cron-apt: Found initrd image: /boot/initrd.img-2.6.32-42-generic
Jan 13 20:58:26 moodle cron-apt: Found linux image: /boot/vmlinuz-2.6.32-36-generic
Jan 13 20:58:26 moodle cron-apt: Found initrd image: /boot/initrd.img-2.6.32-36-generic
Jan 13 20:58:26 moodle cron-apt: done
Jan 13 20:58:26 moodle cron-apt: 
Jan 13 20:58:26 moodle cron-apt: Setting up libmysqlclient16 (5.1.66-0ubuntu0.10.04.3) ...
Jan 13 20:58:26 moodle cron-apt: 
Jan 13 20:58:26 moodle cron-apt: Setting up mysql-client-core-5.1 (5.1.66-0ubuntu0.10.04.3) ...
Jan 13 20:58:26 moodle cron-apt: Setting up mysql-server-core-5.1 (5.1.66-0ubuntu0.10.04.3) ...
Jan 13 20:58:26 moodle cron-apt: Setting up python2.6 (2.6.5-1ubuntu6.1) ...
Jan 13 20:58:26 moodle cron-apt: 
Jan 13 20:58:26 moodle cron-apt: Setting up gpgv (1.4.10-2ubuntu1.2) ...
Jan 13 20:58:26 moodle cron-apt: Setting up gnupg (1.4.10-2ubuntu1.2) ...
Jan 13 20:58:26 moodle cron-apt: 
Jan 13 20:58:26 moodle cron-apt: Setting up libxml2 (2.7.6.dfsg-1ubuntu1.7) ...
Jan 13 20:58:26 moodle cron-apt: 
Jan 13 20:58:26 moodle cron-apt: Setting up libisc60 (1:9.7.0.dfsg.P1-1ubuntu0.8) ...
Jan 13 20:58:26 moodle cron-apt: 
Jan 13 20:58:26 moodle cron-apt: Setting up libdns64 (1:9.7.0.dfsg.P1-1ubuntu0.8) ...
Jan 13 20:58:26 moodle cron-apt: 
Jan 13 20:58:26 moodle cron-apt: Setting up libisccc60 (1:9.7.0.dfsg.P1-1ubuntu0.8) ...
Jan 13 20:58:26 moodle cron-apt: 
Jan 13 20:58:26 moodle cron-apt: Setting up libisccfg60 (1:9.7.0.dfsg.P1-1ubuntu0.8) ...
Jan 13 20:58:26 moodle cron-apt: 
Jan 13 20:58:26 moodle cron-apt: Setting up libbind9-60 (1:9.7.0.dfsg.P1-1ubuntu0.8) ...
Jan 13 20:58:26 moodle cron-apt: 
Jan 13 20:58:26 moodle cron-apt: Setting up liblwres60 (1:9.7.0.dfsg.P1-1ubuntu0.8) ...
Jan 13 20:58:26 moodle cron-apt: 
Jan 13 20:58:26 moodle cron-apt: Setting up bind9-host (1:9.7.0.dfsg.P1-1ubuntu0.8) ...
Jan 13 20:58:26 moodle cron-apt: Setting up apache2.2-bin (2.2.14-5ubuntu8.10) ...
Jan 13 20:58:26 moodle cron-apt: Setting up apache2-utils (2.2.14-5ubuntu8.10) ...
Jan 13 20:58:26 moodle cron-apt: Setting up hubdns (1.0+2+gafd97f5) ...
Jan 13 20:58:26 moodle cron-apt: Installing new version of config file /etc/cron.hourly/hubdns-update ...
Jan 13 20:58:26 moodle cron-apt: 
Jan 13 20:58:26 moodle cron-apt: Setting up libdbus-1-3 (1.2.16-2ubuntu4.7) ...
Jan 13 20:58:26 moodle cron-apt: 
Jan 13 20:58:26 moodle cron-apt: Setting up linux-image-generic (2.6.32.45.52) ...
Jan 13 20:58:26 moodle cron-apt: Setting up tklbam (1.1+11+g65edb8d) ...
Jan 13 20:58:26 moodle cron-apt: Installing new version of config file /etc/cron.daily/tklbam-backup ...
Jan 13 20:58:26 moodle cron-apt: 
Jan 13 20:58:26 moodle cron-apt: Setting up perl-modules (5.10.1-8ubuntu2.2) ...
Jan 13 20:58:26 moodle cron-apt: Setting up perl (5.10.1-8ubuntu2.2) ...
Jan 13 20:58:26 moodle cron-apt: 
Jan 13 20:58:26 moodle cron-apt: Setting up mysql-client-5.1 (5.1.66-0ubuntu0.10.04.3) ...
Jan 13 20:58:26 moodle cron-apt: Setting up mysql-server-5.1 (5.1.66-0ubuntu0.10.04.3) ...
Jan 13 20:58:26 moodle cron-apt: Installing new version of config file /etc/apparmor.d/usr.sbin.mysqld ...
Jan 13 20:58:26 moodle cron-apt: mysql start/running, process 11343
Jan 13 20:58:26 moodle cron-apt: 
Jan 13 20:58:26 moodle cron-apt: Setting up mysql-server (5.1.66-0ubuntu0.10.04.3) ...
Jan 13 20:58:26 moodle cron-apt: Setting up apache2.2-common (2.2.14-5ubuntu8.10) ...
Jan 13 20:58:26 moodle cron-apt: 
Jan 13 20:58:26 moodle cron-apt: Setting up apache2-mpm-prefork (2.2.14-5ubuntu8.10) ...
Jan 13 20:58:26 moodle cron-apt:  * Starting web server apache2
Jan 13 20:58:26 moodle cron-apt: apache2: Could not reliably determine the server's fully qualified domain name, using 127.0.1.1 for ServerName
Jan 13 20:58:26 moodle cron-apt:    ...done.
Jan 13 20:58:26 moodle cron-apt: 
Jan 13 20:58:26 moodle cron-apt: Setting up apache2 (2.2.14-5ubuntu8.10) ...
Jan 13 20:58:26 moodle cron-apt: 
Jan 13 20:58:26 moodle cron-apt: Processing triggers for libc-bin ...
Jan 13 20:58:26 moodle cron-apt: ldconfig deferred processing now taking place
Jan 13 20:58:26 moodle cron-apt: [master b7aa3c9] committing changes in /etc after apt run
Jan 13 20:58:26 moodle cron-apt:  3 files changed, 22 insertions(+), 1 deletions(-)
Jan 14 19:35:52 moodle cron-apt: CRON-APT RUN [/etc/cron-apt/config]: Mon Jan 14 19:24:01 UTC 2013
Jan 14 19:35:52 moodle cron-apt: CRON-APT SLEEP: 623, Mon Jan 14 19:34:24 UTC 2013
Jan 14 19:35:52 moodle cron-apt: CRON-APT ACTION: 0-update
Jan 14 19:35:52 moodle cron-apt: CRON-APT LINE: /usr/bin/apt-get update -o quiet=2
Jan 14 19:35:52 moodle cron-apt: W: Failed to fetch http://archive.turnkeylinux.org/ubuntu/dists/lucid-security/Release.gpg  Temporary failure resolving 'archive.turnkeylinux.org'
Jan 14 19:35:52 moodle cron-apt: 
Jan 14 19:35:52 moodle cron-apt: W: Failed to fetch http://us.archive.ubuntu.com/ubuntu/dists/lucid-security/Release.gpg  Temporary failure resolving 'us.archive.ubuntu.com'
Jan 14 19:35:52 moodle cron-apt: 
Jan 14 19:35:52 moodle cron-apt: W: Failed to fetch http://archive.turnkeylinux.org/ubuntu/dists/lucid/Release.gpg  Temporary failure resolving 'archive.turnkeylinux.org'
Jan 14 19:35:52 moodle cron-apt: 
Jan 14 19:35:52 moodle cron-apt: W: Failed to fetch http://us.archive.ubuntu.com/ubuntu/dists/lucid/Release.gpg  Temporary failure resolving 'us.archive.ubuntu.com'
Jan 14 19:35:52 moodle cron-apt: 
Jan 14 19:35:52 moodle cron-apt: W: Failed to fetch http://us.archive.ubuntu.com/ubuntu/dists/lucid-updates/Release.gpg  Temporary failure resolving 'us.archive.ubuntu.com'
Jan 14 19:35:52 moodle cron-apt: 
Jan 14 19:35:52 moodle cron-apt: W: Some index files failed to download, they have been ignored, or old ones used instead.
Jan 14 19:35:53 moodle cron-apt: CRON-APT ACTION: 5-install
Jan 14 19:35:53 moodle cron-apt: CRON-APT LINE: /usr/bin/apt-get autoclean -q -y
Jan 14 19:35:53 moodle cron-apt: Reading package lists...
Jan 14 19:35:53 moodle cron-apt: Building dependency tree...
Jan 14 19:35:53 moodle cron-apt: Reading state information...
Jan 14 19:35:53 moodle cron-apt: CRON-APT LINE: /usr/bin/apt-get dist-upgrade -q -y -o APT::Get::Show-Upgraded=true -o Dir::Etc::sourcelist=/etc/apt/sources.list.d/security.sources.list -o Dir::Etc::sourceparts=nonexistent -o DPkg::Options::=--force-confdef -o DPkg::Options::=--force-confold
Jan 14 19:35:53 moodle cron-apt: Reading package lists...
Jan 14 19:35:53 moodle cron-apt: Building dependency tree...
Jan 14 19:35:53 moodle cron-apt: Reading state information...
Jan 14 19:35:53 moodle cron-apt: 0 upgraded, 0 newly installed, 0 to remove and 0 not upgraded.
Jan 15 19:54:57 moodle cron-apt: CRON-APT RUN [/etc/cron-apt/config]: Tue Jan 15 19:24:01 UTC 2013
Jan 15 19:54:57 moodle cron-apt: CRON-APT SLEEP: 1746, Tue Jan 15 19:53:07 UTC 2013
Jan 15 19:54:57 moodle cron-apt: CRON-APT ACTION: 0-update
Jan 15 19:54:57 moodle cron-apt: CRON-APT LINE: /usr/bin/apt-get update -o quiet=2
Jan 15 19:54:57 moodle cron-apt: W: Failed to fetch http://archive.turnkeylinux.org/ubuntu/dists/lucid-security/Release.gpg  Temporary failure resolving 'archive.turnkeylinux.org'
Jan 15 19:54:57 moodle cron-apt: 
Jan 15 19:54:57 moodle cron-apt: W: Some index files failed to download, they have been ignored, or old ones used instead.
Jan 15 19:54:57 moodle cron-apt: CRON-APT ACTION: 5-install
Jan 15 19:54:57 moodle cron-apt: CRON-APT LINE: /usr/bin/apt-get autoclean -q -y
Jan 15 19:54:57 moodle cron-apt: Reading package lists...
Jan 15 19:54:57 moodle cron-apt: Building dependency tree...
Jan 15 19:54:57 moodle cron-apt: Reading state information...
Jan 15 19:54:57 moodle cron-apt: Del libfreetype6 2.3.11-1ubuntu2.6 [420kB]
Jan 15 19:55:16 moodle cron-apt: CRON-APT LINE: /usr/bin/apt-get dist-upgrade -q -y -o APT::Get::Show-Upgraded=true -o Dir::Etc::sourcelist=/etc/apt/sources.list.d/security.sources.list -o Dir::Etc::sourceparts=nonexistent -o DPkg::Options::=--force-confdef -o DPkg::Options::=--force-confold
Jan 15 19:55:16 moodle cron-apt: Reading package lists...
Jan 15 19:55:16 moodle cron-apt: Building dependency tree...
Jan 15 19:55:16 moodle cron-apt: Reading state information...
Jan 15 19:55:16 moodle cron-apt: The following packages will be upgraded:
Jan 15 19:55:16 moodle cron-apt:   libfreetype6
Jan 15 19:55:16 moodle cron-apt: 1 upgraded, 0 newly installed, 0 to remove and 0 not upgraded.
Jan 15 19:55:16 moodle cron-apt: Need to get 421kB of archives.
Jan 15 19:55:16 moodle cron-apt: After this operation, 8192B disk space will be freed.
Jan 15 19:55:16 moodle cron-apt: Get:1 http://us.archive.ubuntu.com/ubuntu/ lucid-security/main libfreetype6 2.3.11-1ubuntu2.7 [421kB]
Jan 15 19:55:16 moodle cron-apt: [master c77073a] saving uncommitted changes in /etc prior to apt run
Jan 15 19:55:16 moodle cron-apt:  15 files changed, 2057 insertions(+), 3 deletions(-)
Jan 15 19:55:16 moodle cron-apt: debconf: delaying package configuration, since apt-utils is not installed
Jan 15 19:55:16 moodle cron-apt: Fetched 421kB in 16s (26.0kB/s)
Jan 15 19:55:16 moodle cron-apt: (Reading database ... 36501 files and directories currently installed.)
Jan 15 19:55:16 moodle cron-apt: Preparing to replace libfreetype6 2.3.11-1ubuntu2.6 (using .../libfreetype6_2.3.11-1ubuntu2.7_i386.deb) ...
Jan 15 19:55:16 moodle cron-apt: Unpacking replacement libfreetype6 ...
Jan 15 19:55:16 moodle cron-apt: Setting up libfreetype6 (2.3.11-1ubuntu2.7) ...
Jan 15 19:55:16 moodle cron-apt: 
Jan 15 19:55:16 moodle cron-apt: Processing triggers for libc-bin ...
Jan 15 19:55:16 moodle cron-apt: ldconfig deferred processing now taking place
